<?xml version="1.0" encoding="UTF-8" ?>
<testsuite errors="0" failures="0" hostname="t440p-20140129b" name="automationFramework.Cypress" skipped="0" tests="2" time="27.907" timestamp="2015-02-02T18:20:57">
  <properties>
    <property name="java.vendor" value="Oracle Corporation" />
    <property name="env.USERDOMAIN_ROAMINGPROFILE" value="INTRANET" />
    <property name="sun.java.launcher" value="SUN_STANDARD" />
    <property name="env.TVT" value="C:\Program Files (x86)\Lenovo" />
    <property name="sun.management.compiler" value="HotSpot 64-Bit Tiered Compilers" />
    <property name="env.PROMPT" value="$P$G" />
    <property name="ant.file.SITE" value="C:\Users\amore\workspaceQA\SITE\build.xml" />
    <property name="os.name" value="Windows 8.1" />
    <property name="env.FP_NO_HOST_CHECK" value="NO" />
    <property name="sun.boot.class.path" value="C:\Program Files\Java\jre1.8.0_25\lib\resources.jar;C:\Program Files\Java\jre1.8.0_25\lib\rt.jar;C:\Program Files\Java\jre1.8.0_25\lib\sunrsasign.jar;C:\Program Files\Java\jre1.8.0_25\lib\jsse.jar;C:\Program Files\Java\jre1.8.0_25\lib\jce.jar;C:\Program Files\Java\jre1.8.0_25\lib\charsets.jar;C:\Program Files\Java\jre1.8.0_25\lib\jfr.jar;C:\Program Files\Java\jre1.8.0_25\classes" />
    <property name="env.COMPUTERNAME" value="T440P-20140129B" />
    <property name="env.CommonProgramW6432" value="C:\Program Files\Common Files" />
    <property name="ant.file.type.SITE" value="file" />
    <property name="env.ALLUSERSPROFILE" value="C:\ProgramData" />
    <property name="sun.desktop" value="windows" />
    <property name="java.vm.specification.vendor" value="Oracle Corporation" />
    <property name="ant.home" value="C:\Users\amore\Desktop\Selenium\Eclipse\eclipse\plugins\org.apache.ant_1.9.2.v201404171502" />
    <property name="java.runtime.version" value="1.8.0_25-b18" />
    <property name="env.HOMEPATH" value="\Users\amore" />
    <property name="user.name" value="amore" />
    <property name="user.language" value="en" />
    <property name="sun.boot.library.path" value="C:\Program Files\Java\jre1.8.0_25\bin" />
    <property name="ant.project.default-target" value="build" />
    <property name="ant.project.name" value="SITE" />
    <property name="java.version" value="1.8.0_25" />
    <property name="env.PROCESSOR_IDENTIFIER" value="Intel64 Family 6 Model 60 Stepping 3, GenuineIntel" />
    <property name="user.timezone" value="America/New_York" />
    <property name="env.TEMP" value="C:\Users\amore\AppData\Local\Temp" />
    <property name="sun.arch.data.model" value="64" />
    <property name="java.endorsed.dirs" value="C:\Program Files\Java\jre1.8.0_25\lib\endorsed" />
    <property name="sun.cpu.isalist" value="amd64" />
    <property name="env.HOMEDRIVE" value="C:" />
    <property name="sun.jnu.encoding" value="Cp1252" />
    <property name="file.encoding.pkg" value="sun.io" />
    <property name="env.VS110COMNTOOLS" value="C:\Program Files (x86)\Microsoft Visual Studio 11.0\Common7\Tools\" />
    <property name="file.separator" value="\" />
    <property name="java.specification.name" value="Java Platform API Specification" />
    <property name="java.class.version" value="52.0" />
    <property name="user.country" value="US" />
    <property name="java.home" value="C:\Program Files\Java\jre1.8.0_25" />
    <property name="env.PSModulePath" value="C:\WINDOWS\system32\WindowsPowerShell\v1.0\Modules\" />
    <property name="env.APPDATA" value="C:\Users\amore\AppData\Roaming" />
    <property name="env.PUBLIC" value="C:\Users\Public" />
    <property name="java.vm.info" value="mixed mode" />
    <property name="env.ComSpec" value="C:\WINDOWS\system32\cmd.exe" />
    <property name="env.OS" value="Windows_NT" />
    <property name="env.CommonProgramFiles" value="C:\Program Files\Common Files" />
    <property name="ant.file" value="C:\Users\amore\workspaceQA\SITE\build.xml" />
    <property name="os.version" value="6.3" />
    <property name="env.ProgramW6432" value="C:\Program Files" />
    <property name="env.configsetroot" value="C:\WINDOWS\ConfigSetRoot" />
    <property name="env.SCITE_USERHOME" value="C:\Users\amore\AppData\Local\AutoIt v3\SciTE" />
    <property name="path.separator" value=";" />
    <property name="java.vm.version" value="25.25-b02" />
    <property name="env.USERPROFILE" value="C:\Users\amore" />
    <property name="user.variant" value="" />
    <property name="ant.library.dir" value="C:\Users\amore\Desktop\Selenium\Eclipse\eclipse\plugins\org.apache.ant_1.9.2.v201404171502\lib" />
    <property name="junit.output.dir" value="junit" />
    <property name="java.awt.printerjob" value="sun.awt.windows.WPrinterJob" />
    <property name="env.TMP" value="C:\Users\amore\AppData\Local\Temp" />
    <property name="sun.io.unicode.encoding" value="UnicodeLittle" />
    <property name="awt.toolkit" value="sun.awt.windows.WToolkit" />
    <property name="user.script" value="" />
    <property name="user.home" value="C:\Users\amore" />
    <property name="target" value="1.8" />
    <property name="env.ProgramData" value="C:\ProgramData" />
    <property name="env.SESSIONNAME" value="Console" />
    <property name="env.ProgramFiles(x86)" value="C:\Program Files (x86)" />
    <property name="java.specification.vendor" value="Oracle Corporation" />
    <property name="java.vendor.url" value="http://java.oracle.com/" />
    <property name="env.NUMBER_OF_PROCESSORS" value="4" />
    <property name="java.library.path" value="C:\Program Files\Java\jre1.8.0_25\bin;C:\WINDOWS\Sun\Java\bin;C:\WINDOWS\system32;C:\WINDOWS;C:/Program Files/Java/jre1.8.0_25/bin/server;C:/Program Files/Java/jre1.8.0_25/bin;C:/Program Files/Java/jre1.8.0_25/lib/amd64;C:\ProgramData\Oracle\Java\javapath;C:\Program Files (x86)\iis express\PHP\v5.4;C:\Program Files (x86)\Intel\iCLS Client\;C:\Program Files\Intel\iCLS Client\;C:\WINDOWS\system32;C:\WINDOWS;C:\WINDOWS\System32\Wbem;C:\WINDOWS\System32\WindowsPowerShell\v1.0\;C:\Program Files\Intel\Intel(R) Management Engine Components\DAL;C:\Program Files\Intel\Intel(R) Management Engine Components\IPT;C:\Program Files (x86)\Intel\Intel(R) Management Engine Components\DAL;C:\Program Files (x86)\Intel\Intel(R) Management Engine Components\IPT;C:\Program Files (x86)\Intel\OpenCL SDK\3.0\bin\x86;C:\Program Files (x86)\Intel\OpenCL SDK\3.0\bin\x64;C:\ProgramData\Lenovo\ReadyApps;C:\Program Files\Microsoft\Web Platform Installer\;C:\Program Files (x86)\Microsoft ASP.NET\ASP.NET Web Pages\v1.0\;C:\Program Files (x86)\Windows Kits\8.0\Windows Performance Toolkit\;C:\Program Files\Microsoft SQL Server\110\Tools\Binn\;C:\Program Files\MySQL\MySQL Server 5.1\bin;C:\Users\amore\Desktop\Selenium\Eclipse\eclipse;;." />
    <property name="env.USERDNSDOMAIN" value="INTRANET.LOCAL" />
    <property name="java.vm.vendor" value="Oracle Corporation" />
    <property name="java.runtime.name" value="Java(TM) SE Runtime Environment" />
    <property name="java.class.path" value="C:\Users\amore\workspaceQA\SITE\bin;C:\Users\amore\Desktop\Selenium\selenium-2.44.0\selenium-java-2.44.0-srcs.jar;C:\Users\amore\Desktop\Selenium\selenium-2.44.0\selenium-java-2.44.0.jar;C:\Users\amore\Desktop\Selenium\selenium-2.44.0\libs\apache-mime4j-0.6.jar;C:\Users\amore\Desktop\Selenium\selenium-2.44.0\libs\bsh-1.3.0.jar;C:\Users\amore\Desktop\Selenium\selenium-2.44.0\libs\cglib-nodep-2.1_3.jar;C:\Users\amore\Desktop\Selenium\selenium-2.44.0\libs\commons-codec-1.9.jar;C:\Users\amore\Desktop\Selenium\selenium-2.44.0\libs\commons-collections-3.2.1.jar;C:\Users\amore\Desktop\Selenium\selenium-2.44.0\libs\commons-exec-1.1.jar;C:\Users\amore\Desktop\Selenium\selenium-2.44.0\libs\commons-io-2.4.jar;C:\Users\amore\Desktop\Selenium\selenium-2.44.0\libs\commons-jxpath-1.3.jar;C:\Users\amore\Desktop\Selenium\selenium-2.44.0\libs\commons-lang3-3.3.2.jar;C:\Users\amore\Desktop\Selenium\selenium-2.44.0\libs\commons-logging-1.1.3.jar;C:\Users\amore\Desktop\Selenium\selenium-2.44.0\libs\cssparser-0.9.14.jar;C:\Users\amore\Desktop\Selenium\selenium-2.44.0\libs\gson-2.3.jar;C:\Users\amore\Desktop\Selenium\selenium-2.44.0\libs\guava-18.0.jar;C:\Users\amore\Desktop\Selenium\selenium-2.44.0\libs\hamcrest-core-1.3.jar;C:\Users\amore\Desktop\Selenium\selenium-2.44.0\libs\hamcrest-library-1.3.jar;C:\Users\amore\Desktop\Selenium\selenium-2.44.0\libs\htmlunit-2.15.jar;C:\Users\amore\Desktop\Selenium\selenium-2.44.0\libs\htmlunit-core-js-2.15.jar;C:\Users\amore\Desktop\Selenium\selenium-2.44.0\libs\httpclient-4.3.4.jar;C:\Users\amore\Desktop\Selenium\selenium-2.44.0\libs\httpcore-4.3.2.jar;C:\Users\amore\Desktop\Selenium\selenium-2.44.0\libs\httpmime-4.3.4.jar;C:\Users\amore\Desktop\Selenium\selenium-2.44.0\libs\ini4j-0.5.2.jar;C:\Users\amore\Desktop\Selenium\selenium-2.44.0\libs\jcommander-1.29.jar;C:\Users\amore\Desktop\Selenium\selenium-2.44.0\libs\jetty-websocket-8.1.8.jar;C:\Users\amore\Desktop\Selenium\selenium-2.44.0\libs\jna-3.4.0.jar;C:\Users\amore\Desktop\Selenium\selenium-2.44.0\libs\jna-platform-3.4.0.jar;C:\Users\amore\Desktop\Selenium\selenium-2.44.0\libs\junit-dep-4.11.jar;C:\Users\amore\Desktop\Selenium\selenium-2.44.0\libs\nekohtml-1.9.21.jar;C:\Users\amore\Desktop\Selenium\selenium-2.44.0\libs\netty-3.5.7.Final.jar;C:\Users\amore\Desktop\Selenium\selenium-2.44.0\libs\operadriver-1.5.jar;C:\Users\amore\Desktop\Selenium\selenium-2.44.0\libs\phantomjsdriver-1.1.0.jar;C:\Users\amore\Desktop\Selenium\selenium-2.44.0\libs\protobuf-java-2.4.1.jar;C:\Users\amore\Desktop\Selenium\selenium-2.44.0\libs\sac-1.3.jar;C:\Users\amore\Desktop\Selenium\selenium-2.44.0\libs\serializer-2.7.1.jar;C:\Users\amore\Desktop\Selenium\selenium-2.44.0\libs\testng-6.8.5.jar;C:\Users\amore\Desktop\Selenium\selenium-2.44.0\libs\xalan-2.7.1.jar;C:\Users\amore\Desktop\Selenium\selenium-2.44.0\libs\xercesImpl-2.11.0.jar;C:\Users\amore\Desktop\Selenium\selenium-2.44.0\libs\xml-apis-1.4.01.jar;C:\Users\amore\Desktop\Selenium\Eclipse\eclipse\plugins\org.junit_4.11.0.v201303080030\junit.jar;C:\Users\amore\Desktop\Selenium\Eclipse\eclipse\plugins\org.apache.ant_1.9.2.v201404171502\lib\ant-launcher.jar;C:\Users\amore\Desktop\Selenium\Eclipse\eclipse\plugins\org.apache.ant_1.9.2.v201404171502\lib\ant.jar;C:\Users\amore\Desktop\Selenium\Eclipse\eclipse\plugins\org.apache.ant_1.9.2.v201404171502\lib\ant-junit.jar;C:\Users\amore\Desktop\Selenium\Eclipse\eclipse\plugins\org.apache.ant_1.9.2.v201404171502\lib\ant-junit4.jar" />
    <property name="ant.version" value="Apache Ant(TM) version 1.9.2 compiled on July 8 2013" />
    <property name="sun.java.command" value="org.apache.tools.ant.taskdefs.optional.junit.JUnitTestRunner automationFramework.Cypress filtertrace=true haltOnError=false haltOnFailure=false formatter=org.apache.tools.ant.taskdefs.optional.junit.OutErrSummaryJUnitResultFormatter showoutput=false outputtoformatters=true logfailedtests=true logtestlistenerevents=false formatter=org.apache.tools.ant.taskdefs.optional.junit.XMLJUnitResultFormatter,C:\Users\amore\workspaceQA\SITE\junit\TEST-automationFramework.Cypress.xml crashfile=C:\Users\amore\workspaceQA\SITE\junitvmwatcher1548595493463276416.properties propsfile=C:\Users\amore\workspaceQA\SITE\junit8217402949898587897.properties" />
    <property name="env.READYAPPS" value="C:\ProgramData\Lenovo\ReadyApps" />
    <property name="java.vm.specification.name" value="Java Virtual Machine Specification" />
    <property name="env.LOGONSERVER" value="\\AI-VMDC1" />
    <property name="env.windir" value="C:\WINDOWS" />
    <property name="env.PROCESSOR_ARCHITECTURE" value="AMD64" />
    <property name="java.vm.specification.version" value="1.8" />
    <property name="sun.cpu.endian" value="little" />
    <property name="sun.os.patch.level" value="" />
    <property name="debuglevel" value="source,lines,vars" />
    <property name="env.ProgramFiles" value="C:\Program Files" />
    <property name="env.ANT_HOME" value="C:\Users\amore\Desktop\Selenium\Eclipse\eclipse\plugins\org.apache.ant_1.9.2.v201404171502" />
    <property name="env.PROCESSOR_REVISION" value="3c03" />
    <property name="java.io.tmpdir" value="C:\Users\amore\AppData\Local\Temp\" />
    <property name="env.CommonProgramFiles(x86)" value="C:\Program Files (x86)\Common Files" />
    <property name="java.vendor.url.bug" value="http://bugreport.sun.com/bugreport/" />
    <property name="env.SystemRoot" value="C:\WINDOWS" />
    <property name="java.awt.graphicsenv" value="sun.awt.Win32GraphicsEnvironment" />
    <property name="os.arch" value="amd64" />
    <property name="java.ext.dirs" value="C:\Program Files\Java\jre1.8.0_25\lib\ext;C:\WINDOWS\Sun\Java\lib\ext" />
    <property name="user.dir" value="C:\Users\amore\workspaceQA\SITE" />
    <property name="env.LOCALAPPDATA" value="C:\Users\amore\AppData\Local" />
    <property name="line.separator" value="&#xd;&#xa;" />
    <property name="java.vm.name" value="Java HotSpot(TM) 64-Bit Server VM" />
    <property name="env.PATHEXT" value=".COM;.EXE;.BAT;.CMD;.VBS;.VBE;.JS;.JSE;.WSF;.WSH;.MSC" />
    <property name="env.Path" value="C:/Program Files/Java/jre1.8.0_25/bin/server;C:/Program Files/Java/jre1.8.0_25/bin;C:/Program Files/Java/jre1.8.0_25/lib/amd64;C:\ProgramData\Oracle\Java\javapath;C:\Program Files (x86)\iis express\PHP\v5.4;C:\Program Files (x86)\Intel\iCLS Client\;C:\Program Files\Intel\iCLS Client\;C:\WINDOWS\system32;C:\WINDOWS;C:\WINDOWS\System32\Wbem;C:\WINDOWS\System32\WindowsPowerShell\v1.0\;C:\Program Files\Intel\Intel(R) Management Engine Components\DAL;C:\Program Files\Intel\Intel(R) Management Engine Components\IPT;C:\Program Files (x86)\Intel\Intel(R) Management Engine Components\DAL;C:\Program Files (x86)\Intel\Intel(R) Management Engine Components\IPT;C:\Program Files (x86)\Intel\OpenCL SDK\3.0\bin\x86;C:\Program Files (x86)\Intel\OpenCL SDK\3.0\bin\x64;C:\ProgramData\Lenovo\ReadyApps;C:\Program Files\Microsoft\Web Platform Installer\;C:\Program Files (x86)\Microsoft ASP.NET\ASP.NET Web Pages\v1.0\;C:\Program Files (x86)\Windows Kits\8.0\Windows Performance Toolkit\;C:\Program Files\Microsoft SQL Server\110\Tools\Binn\;C:\Program Files\MySQL\MySQL Server 5.1\bin;C:\Users\amore\Desktop\Selenium\Eclipse\eclipse;" />
    <property name="basedir" value="C:\Users\amore\workspaceQA\SITE" />
    <property name="ant.java.version" value="1.8" />
    <property name="ant.core.lib" value="C:\Users\amore\Desktop\Selenium\Eclipse\eclipse\plugins\org.apache.ant_1.9.2.v201404171502\lib\ant.jar" />
    <property name="env.USERNAME" value="amore" />
    <property name="source" value="1.8" />
    <property name="env.SystemDrive" value="C:" />
    <property name="file.encoding" value="Cp1252" />
    <property name="env.USERDOMAIN" value="INTRANET" />
    <property name="java.specification.version" value="1.8" />
    <property name="ant.project.invoked-targets" value="Test_PD,Test_DCDT,Test_ccda,Qrda,Direct_Transport,Cypress,junitreport" />
    <property name="env.PROCESSOR_LEVEL" value="6" />
  </properties>
  <testcase classname="automationFramework.Cypress" name="HomePage" time="10.172" />
  <testcase classname="automationFramework.Cypress" name="testCypress" time="17.547" />
  <system-out><![CDATA[]]></system-out>
  <system-err><![CDATA[]]></system-err>
</testsuite>
